[2023-03-16 11:38:24 +0000] [54273] [INFO] Starting gunicorn 20.1.0
[2023-03-16 11:38:24 +0000] [54273] [INFO] Listening at: http://0.0.0.0:8000 (54273)
[2023-03-16 11:38:24 +0000] [54273] [INFO] Using worker: sync
[2023-03-16 11:38:24 +0000] [54274] [INFO] Booting worker with pid: 54274
[2023-03-16 11:38:26 +0000] [54274] [ERROR] Exception in worker process
Traceback (most recent call last):
  File "/home/ubuntu/.local/lib/python3.10/site-packages/gunicorn/arbiter.py", line 589, in spawn_worker
    worker.init_process()
  File "/home/ubuntu/.local/lib/python3.10/site-packages/gunicorn/workers/base.py", line 134, in init_process
    self.load_wsgi()
  File "/home/ubuntu/.local/lib/python3.10/site-packages/gunicorn/workers/base.py", line 146, in load_wsgi
    self.wsgi = self.app.wsgi()
  File "/home/ubuntu/.local/lib/python3.10/site-packages/gunicorn/app/base.py", line 67, in wsgi
    self.callable = self.load()
  File "/home/ubuntu/.local/lib/python3.10/site-packages/gunicorn/app/wsgiapp.py", line 58, in load
    return self.load_wsgiapp()
  File "/home/ubuntu/.local/lib/python3.10/site-packages/gunicorn/app/wsgiapp.py", line 48, in load_wsgiapp
    return util.import_app(self.app_uri)
  File "/home/ubuntu/.local/lib/python3.10/site-packages/gunicorn/util.py", line 359, in import_app
    mod = importlib.import_module(module)
  File "/usr/lib/python3.10/importlib/__init__.py", line 126, in import_module
    return _bootstrap._gcd_import(name[level:], package, level)
  File "<frozen importlib._bootstrap>", line 1050, in _gcd_import
  File "<frozen importlib._bootstrap>", line 1027, in _find_and_load
  File "<frozen importlib._bootstrap>", line 1001, in _find_and_load_unlocked
ModuleNotFoundError: No module named 'main.wsgi'; 'main' is not a package
[2023-03-16 11:38:26 +0000] [54274] [INFO] Worker exiting (pid: 54274)
[2023-03-16 11:38:26 +0000] [54273] [INFO] Shutting down: Master
[2023-03-16 11:38:26 +0000] [54273] [INFO] Reason: Worker failed to boot.
ERROR:    Error loading ASGI app. Could not import module "myapp".
